make -C ./src/backend generated-headers
make[1]: Entering directory '/tmp/postgresql-17.2/src/backend'
make -C ../include/catalog generated-headers
make[2]: Entering directory '/tmp/postgresql-17.2/src/include/catalog'
make[2]: Nothing to be done for 'generated-headers'.
make[2]: Leaving directory '/tmp/postgresql-17.2/src/include/catalog'
make -C nodes generated-header-symlinks
make[2]: Entering directory '/tmp/postgresql-17.2/src/backend/nodes'
make[2]: Nothing to be done for 'generated-header-symlinks'.
make[2]: Leaving directory '/tmp/postgresql-17.2/src/backend/nodes'
make -C utils generated-header-symlinks
make[2]: Entering directory '/tmp/postgresql-17.2/src/backend/utils'
make -C adt jsonpath_gram.h
make[3]: Entering directory '/tmp/postgresql-17.2/src/backend/utils/adt'
make[3]: 'jsonpath_gram.h' is up to date.
make[3]: Leaving directory '/tmp/postgresql-17.2/src/backend/utils/adt'
make[2]: Leaving directory '/tmp/postgresql-17.2/src/backend/utils'
make[1]: Leaving directory '/tmp/postgresql-17.2/src/backend'
rm -rf '/tmp/postgresql-17.2'/tmp_install
/bin/mkdir -p '/tmp/postgresql-17.2'/tmp_install/log
make -C '.' DESTDIR='/tmp/postgresql-17.2'/tmp_install install >'/tmp/postgresql-17.2'/tmp_install/log/install.log 2>&1
make -j1 -C src/test/regress checkprep >>'/tmp/postgresql-17.2'/tmp_install/log/install.log 2>&1
PATH="/tmp/postgresql-17.2/tmp_install/usr/local/pgsql/bin:/tmp/postgresql-17.2:$PATH" LD_LIBRARY_PATH="/tmp/postgresql-17.2/tmp_install/usr/local/pgsql/lib" INITDB_TEMPLATE='/tmp/postgresql-17.2'/tmp_install/initdb-template  initdb --auth trust --no-sync --no-instructions --lc-messages=C --no-clean '/tmp/postgresql-17.2'/tmp_install/initdb-template >>'/tmp/postgresql-17.2'/tmp_install/log/initdb-template.log 2>&1
make -C src/test/regress check
make[1]: Entering directory '/tmp/postgresql-17.2/src/test/regress'
make -C ../../../src/port all
make[2]: Entering directory '/tmp/postgresql-17.2/src/port'
make[2]: Nothing to be done for 'all'.
make[2]: Leaving directory '/tmp/postgresql-17.2/src/port'
make -C ../../../src/common all
make[2]: Entering directory '/tmp/postgresql-17.2/src/common'
make[2]: Nothing to be done for 'all'.
make[2]: Leaving directory '/tmp/postgresql-17.2/src/common'
make -C ../../../contrib/spi
make[2]: Entering directory '/tmp/postgresql-17.2/contrib/spi'
make[2]: Nothing to be done for 'all'.
make[2]: Leaving directory '/tmp/postgresql-17.2/contrib/spi'
echo "# +++ regress check in src/test/regress +++" && PATH="/tmp/postgresql-17.2/tmp_install/usr/local/pgsql/bin:/tmp/postgresql-17.2/src/test/regress:$PATH" LD_LIBRARY_PATH="/tmp/postgresql-17.2/tmp_install/usr/local/pgsql/lib" INITDB_TEMPLATE='/tmp/postgresql-17.2'/tmp_install/initdb-template  ../../../src/test/regress/pg_regress --temp-instance=./tmp_check --inputdir=. --bindir=     --dlpath=. --max-concurrent-tests=20  --schedule=./parallel_schedule  
# +++ regress check in src/test/regress +++
# initializing database system by copying initdb template
# using temp instance on port 55314 with PID 38879
ok 1         - test_setup                                141 ms
# parallel group (20 tests):  boolean regproc varchar uuid float4 int2 float8 bit text oid pg_lsn txid int4 money enum int8 char name rangetypes numeric
ok 2         + boolean                                    37 ms
ok 3         + char                                      186 ms
ok 4         + name                                      195 ms
ok 5         + varchar                                    55 ms
ok 6         + text                                      109 ms
ok 7         + int2                                       82 ms
ok 8         + int4                                      138 ms
ok 9         + int8                                      172 ms
ok 10        + oid                                       109 ms
ok 11        + float4                                     73 ms
ok 12        + float8                                     94 ms
ok 13        + bit                                       104 ms
ok 14        + numeric                                   387 ms
ok 15        + txid                                      128 ms
ok 16        + uuid                                       63 ms
ok 17        + enum                                      162 ms
ok 18        + money                                     155 ms
ok 19        + rangetypes                                341 ms
ok 20        + pg_lsn                                    125 ms
ok 21        + regproc                                    47 ms
# parallel group (20 tests):  line macaddr8 time lseg macaddr inet point timetz strings path circle numerology date interval md5 box polygon multirangetypes timestamptz timestamp
ok 22        + strings                                   163 ms
ok 23        + md5                                       227 ms
ok 24        + numerology                                210 ms
ok 25        + point                                     133 ms
ok 26        + lseg                                      109 ms
ok 27        + line                                       62 ms
ok 28        + box                                       238 ms
ok 29        + path                                      170 ms
ok 30        + polygon                                   282 ms
ok 31        + circle                                    184 ms
ok 32        + date                                      212 ms
ok 33        + time                                       92 ms
ok 34        + timetz                                    134 ms
ok 35        + timestamp                                 532 ms
ok 36        + timestamptz                               423 ms
ok 37        + interval                                  217 ms
ok 38        + inet                                      125 ms
ok 39        + macaddr                                   109 ms
ok 40        + macaddr8                                   76 ms
ok 41        + multirangetypes                           325 ms
# parallel group (13 tests):  misc_sanity unicode comments xid mvcc expressions type_sanity geometry tstypes horology opr_sanity database regex
ok 42        + geometry                                  252 ms
ok 43        + horology                                  307 ms
ok 44        + tstypes                                   274 ms
ok 45        + regex                                     595 ms
ok 46        + type_sanity                               199 ms
ok 47        + opr_sanity                                406 ms
ok 48        + misc_sanity                                51 ms
ok 49        + comments                                   84 ms
ok 50        + expressions                               143 ms
ok 51        + unicode                                    77 ms
ok 52        + xid                                        89 ms
ok 53        + mvcc                                      100 ms
ok 54        + database                                  457 ms
# parallel group (5 tests):  copyselect copydml copy insert_conflict insert
ok 55        + copy                                      110 ms
ok 56        + copyselect                                 47 ms
ok 57        + copydml                                    49 ms
ok 58        + insert                                    234 ms
ok 59        + insert_conflict                           117 ms
# parallel group (7 tests):  create_function_c create_operator create_type create_schema create_procedure create_misc create_table
ok 60        + create_function_c                          15 ms
ok 61        + create_misc                                74 ms
ok 62        + create_operator                            36 ms
ok 63        + create_procedure                           62 ms
ok 64        + create_table                              233 ms
ok 65        + create_type                                39 ms
ok 66        + create_schema                              46 ms
# parallel group (5 tests):  index_including_gist index_including create_index_spgist create_view create_index
ok 67        + create_index                              591 ms
ok 68        + create_index_spgist                       380 ms
ok 69        + create_view                               385 ms
ok 70        + index_including                           236 ms
ok 71        + index_including_gist                      165 ms
# parallel group (16 tests):  create_aggregate roleattributes errors hash_func typed_table create_cast select drop_if_exists create_am create_function_sql constraints infinite_recurse vacuum updatable_views inherit triggers
ok 72        + create_aggregate                           34 ms
ok 73        + create_function_sql                       367 ms
ok 74        + create_cast                               195 ms
ok 75        + constraints                               461 ms
ok 76        + triggers                                  901 ms
ok 77        + select                                    208 ms
ok 78        + inherit                                   783 ms
ok 79        + typed_table                               184 ms
ok 80        + vacuum                                    550 ms
ok 81        + drop_if_exists                            237 ms
ok 82        + updatable_views                           763 ms
ok 83        + roleattributes                             94 ms
ok 84        + create_am                                 278 ms
ok 85        + hash_func                                 174 ms
ok 86        + errors                                    153 ms
ok 87        + infinite_recurse                          529 ms
ok 88        - sanity_check                               59 ms
# parallel group (20 tests):  select_into namespace select_having delete prepared_xacts case random select_distinct_on select_implicit transactions select_distinct union subselect portals update arrays join aggregates hash_index btree_index
ok 89        + select_into                                47 ms
ok 90        + select_distinct                           449 ms
ok 91        + select_distinct_on                        252 ms
ok 92        + select_implicit                           341 ms
ok 93        + select_having                             102 ms
ok 94        + subselect                                 525 ms
ok 95        + union                                     498 ms
ok 96        + case                                      194 ms
ok 97        + join                                      934 ms
ok 98        + aggregates                                970 ms
ok 99        + transactions                              373 ms
ok 100       + random                                    223 ms
ok 101       + portals                                   551 ms
ok 102       + arrays                                    663 ms
ok 103       + btree_index                              1376 ms
ok 104       + hash_index                                984 ms
ok 105       + update                                    626 ms
ok 106       + delete                                    103 ms
ok 107       + namespace                                  97 ms
ok 108       + prepared_xacts                            157 ms
# parallel group (20 tests):  init_privs tablesample security_label lock object_address drop_operator password collate replica_identity groupingsets identity generated matview gin rowsecurity spgist gist brin join_hash privileges
ok 109       + brin                                     1972 ms
ok 110       + gin                                      1439 ms
ok 111       + gist                                     1651 ms
ok 112       + spgist                                   1504 ms
ok 113       + privileges                               2144 ms
ok 114       + init_privs                                 87 ms
ok 115       + security_label                            118 ms
ok 116       + collate                                   552 ms
ok 117       + matview                                  1405 ms
ok 118       + lock                                      152 ms
ok 119       + replica_identity                          622 ms
ok 120       + rowsecurity                              1499 ms
ok 121       + object_address                            347 ms
ok 122       + tablesample                               114 ms
ok 123       + groupingsets                              948 ms
ok 124       + drop_operator                             347 ms
ok 125       + password                                  380 ms
ok 126       + identity                                 1354 ms
ok 127       + generated                                1379 ms
ok 128       + join_hash                                1970 ms
# parallel group (2 tests):  brin_bloom brin_multi
ok 129       + brin_bloom                                 47 ms
ok 130       + brin_multi                                140 ms
# parallel group (17 tests):  collate.icu.utf8 tidrangescan async dbsize create_role sysviews collate.utf8 misc_functions tid tsrf tidscan alter_operator incremental_sort misc alter_generic create_table_like merge
ok 131       + create_table_like                         357 ms
ok 132       + alter_generic                             283 ms
ok 133       + alter_operator                            240 ms
ok 134       + misc                                      273 ms
ok 135       + async                                     113 ms
ok 136       + dbsize                                    119 ms
ok 137       + merge                                     368 ms
ok 138       + misc_functions                            206 ms
ok 139       + sysviews                                  185 ms
ok 140       + tsrf                                      217 ms
ok 141       + tid                                       208 ms
ok 142       + tidscan                                   232 ms
ok 143       + tidrangescan                               81 ms
ok 144       + collate.utf8                              190 ms
ok 145       + collate.icu.utf8                           64 ms
ok 146       + incremental_sort                          258 ms
ok 147       + create_role                               169 ms
# parallel group (7 tests):  collate.windows.win1252 amutils collate.linux.utf8 psql_crosstab rules psql stats_ext
ok 148       + rules                                     296 ms
ok 149       + psql                                      384 ms
ok 150       + psql_crosstab                              50 ms
ok 151       + amutils                                    21 ms
ok 152       + stats_ext                                 949 ms
ok 153       + collate.linux.utf8                         26 ms
ok 154       + collate.windows.win1252                    18 ms
ok 155       - select_parallel                           707 ms
ok 156       - write_parallel                             82 ms
ok 157       - vacuum_parallel                            91 ms
# parallel group (2 tests):  subscription publication
ok 158       + publication                               257 ms
ok 159       + subscription                               49 ms
# parallel group (17 tests):  dependency guc xmlmap functional_deps combocid advisory_lock select_views equivclass tsdicts portals_p2 window tsearch bitmapops indirect_toast cluster foreign_data foreign_key
ok 160       + select_views                              185 ms
ok 161       + portals_p2                                266 ms
ok 162       + foreign_key                              1084 ms
ok 163       + cluster                                   702 ms
ok 164       + dependency                                 40 ms
ok 165       + guc                                        59 ms
ok 166       + bitmapops                                 613 ms
ok 167       + combocid                                  176 ms
ok 168       + tsearch                                   599 ms
ok 169       + tsdicts                                   257 ms
ok 170       + foreign_data                              786 ms
ok 171       + window                                    548 ms
ok 172       + xmlmap                                    110 ms
ok 173       + functional_deps                           171 ms
ok 174       + advisory_lock                             178 ms
ok 175       + indirect_toast                            674 ms
ok 176       + equivclass                                212 ms
# parallel group (9 tests):  jsonpath_encoding json_encoding jsonpath sqljson json sqljson_jsontable sqljson_queryfuncs jsonb_jsonpath jsonb
ok 177       + json                                      128 ms
ok 178       + jsonb                                     256 ms
ok 179       + json_encoding                              62 ms
ok 180       + jsonpath                                   91 ms
ok 181       + jsonpath_encoding                          47 ms
ok 182       + jsonb_jsonpath                            178 ms
ok 183       + sqljson                                   118 ms
ok 184       + sqljson_queryfuncs                        162 ms
ok 185       + sqljson_jsontable                         132 ms
# parallel group (18 tests):  plancache conversion prepare limit xml returning sequence copy2 truncate largeobject temp rowtypes with polymorphism rangefuncs domain plpgsql alter_table
ok 186       + plancache                                  55 ms
ok 187       + limit                                     307 ms
ok 188       + plpgsql                                   827 ms
ok 189       + copy2                                     499 ms
ok 190       + temp                                      534 ms
ok 191       + domain                                    722 ms
ok 192       + rangefuncs                                635 ms
ok 193       + prepare                                   257 ms
ok 194       + conversion                                163 ms
ok 195       + truncate                                  501 ms
ok 196       + alter_table                              1327 ms
ok 197       + sequence                                  489 ms
ok 198       + polymorphism                              618 ms
ok 199       + rowtypes                                  568 ms
ok 200       + returning                                 372 ms
ok 201       + largeobject                               502 ms
ok 202       + with                                      608 ms
ok 203       + xml                                       363 ms
# parallel group (13 tests):  predicate hash_part reloptions memoize partition_info explain compression stats partition_aggregate partition_prune partition_join tuplesort indexing
ok 204       + partition_join                           1387 ms
ok 205       + partition_prune                          1285 ms
ok 206       + reloptions                                200 ms
ok 207       + hash_part                                 186 ms
ok 208       + indexing                                 1417 ms
ok 209       + partition_aggregate                      1266 ms
ok 210       + partition_info                            315 ms
ok 211       + tuplesort                                1416 ms
ok 212       + explain                                   322 ms
ok 213       + compression                               359 ms
ok 214       + memoize                                   312 ms
ok 215       + stats                                    1253 ms
ok 216       + predicate                                 149 ms
# parallel group (2 tests):  oidjoins event_trigger
ok 217       + oidjoins                                  123 ms
ok 218       + event_trigger                             141 ms
ok 219       - event_trigger_login                        22 ms
ok 220       - fast_default                               84 ms
ok 221       - tablespace                                182 ms
1..221
# All 221 tests passed.
make[1]: Leaving directory '/tmp/postgresql-17.2/src/test/regress'
